This file contains any messages produced by compilers while
running configure, to aid debugging if configure makes a mistake.

It was created by python configure 3.11, which was
generated by GNU Autoconf 2.69.  Invocation command line was

  $ /var/folders/hh/vrcl1wp93xxb5dpqkrl93r4m0000gn/T/python-build.20230401212720.6314/Python-3.11.1/configure 

## --------- ##
## Platform. ##
## --------- ##

hostname = wasabis-MacBook-Air.local
uname -m = arm64
uname -r = 22.4.0
uname -s = Darwin
uname -v = Darwin Kernel Version 22.4.0: Mon Mar  6 21:01:02 PST 2023; root:xnu-8796.101.5~3/RELEASE_ARM64_T8112

/usr/bin/uname -p = arm
/bin/uname -X     = unknown

/bin/arch              = unknown
/usr/bin/arch -k       = unknown
/usr/convex/getsysinfo = unknown
/usr/bin/hostinfo      = Mach kernel version:
	 Darwin Kernel Version 22.4.0: Mon Mar  6 21:01:02 PST 2023; root:xnu-8796.101.5~3/RELEASE_ARM64_T8112
Kernel configured for up to 8 processors.
8 processors are physically available.
8 processors are logically available.
Processor type: arm64e (ARM64E)
Processors active: 0 1 2 3 4 5 6 7
Primary memory available: 16.00 gigabytes
Default processor set: 461 tasks, 2272 threads, 8 processors
Load average: 1.93, Mach factor: 6.06
/bin/machine           = unknown
/usr/bin/oslevel       = unknown
/bin/universe          = unknown

PATH: /Users/wasabi/.asdf/shims
PATH: /opt/homebrew/opt/asdf/libexec/bin
PATH: /opt/homebrew/opt/llvm/bin
PATH: /Users/wasabi/.local/bin
PATH: /opt/homebrew/opt/openssl@3/bin
PATH: /opt/homebrew/opt/mysql-client/bin
PATH: /opt/homebrew/sbin
PATH: /opt/homebrew/bin
PATH: /usr/local/bin
PATH: /System/Cryptexes/App/usr/bin
PATH: /usr/bin
PATH: /bin
PATH: /usr/sbin
PATH: /sbin
PATH: /Applications/Wireshark.app/Contents/MacOS
PATH: /var/run/com.apple.security.cryptexd/codex.system/bootstrap/usr/local/bin
PATH: /var/run/com.apple.security.cryptexd/codex.system/bootstrap/usr/bin
PATH: /var/run/com.apple.security.cryptexd/codex.system/bootstrap/usr/appleinternal/bin
PATH: /Users/wasabi/.asdf/installs/golang/1.20.2/packages/bin


## ----------- ##
## Core tests. ##
## ----------- ##

configure:3162: checking build system type
configure:3176: result: aarch64-apple-darwin22.4.0
configure:3196: checking host system type
configure:3209: result: aarch64-apple-darwin22.4.0
configure:3281: checking for Python interpreter freezing
configure:3283: result: ./_bootstrap_python
configure:3315: checking for python3.11
configure:3331: found /opt/homebrew/bin/python3.11
configure:3342: result: python3.11
configure:3356: checking Python for regen version
configure:3359: result: Python 3.11.2
configure:3486: checking for pkg-config
configure:3519: result: no
configure:3567: checking for --enable-universalsdk
configure:3614: result: no
configure:3638: checking for --with-universal-archs
configure:3653: result: no
configure:3805: checking MACHDEP
configure:3862: result: "darwin"
configure:4159: checking for gcc
configure:4175: found /usr/bin/gcc
configure:4186: result: gcc
configure:4415: checking for C compiler version
configure:4424: gcc --version >&5
Apple clang version 14.0.3 (clang-1403.0.22.14.1)
Target: arm64-apple-darwin22.4.0
Thread model: posix
InstalledDir: /Library/Developer/CommandLineTools/usr/bin
configure:4435: $? = 0
configure:4424: gcc -v >&5
Apple clang version 14.0.3 (clang-1403.0.22.14.1)
Target: arm64-apple-darwin22.4.0
Thread model: posix
InstalledDir: /Library/Developer/CommandLineTools/usr/bin
configure:4435: $? = 0
configure:4424: gcc -V >&5
clang: error: argument to '-V' is missing (expected 1 value)
clang: error: no input files
configure:4435: $? = 1
configure:4424: gcc -qversion >&5
clang: error: unknown argument '-qversion'; did you mean '--version'?
clang: error: no input files
configure:4435: $? = 1
configure:4455: checking whether the C compiler works
configure:4477: gcc -I/opt/homebrew/opt/llvm/include -I/opt/homebrew/opt/openssl@3/include -I/Library/Developer/CommandLineTools/SDKs/MacOSX.sdk/usr/include -I/opt/homebrew/opt/llvm/include -I/opt/homebrew/opt/openssl@3/include -L/Library/Developer/CommandLineTools/SDKs/MacOSX.sdk/usr/lib conftest.c  >&5
configure:4481: $? = 0
configure:4529: result: yes
configure:4532: checking for C compiler default output file name
configure:4534: result: a.out
configure:4540: checking for suffix of executables
configure:4547: gcc -o conftest -I/opt/homebrew/opt/llvm/include -I/opt/homebrew/opt/openssl@3/include -I/Library/Developer/CommandLineTools/SDKs/MacOSX.sdk/usr/include -I/opt/homebrew/opt/llvm/include -I/opt/homebrew/opt/openssl@3/include -L/Library/Developer/CommandLineTools/SDKs/MacOSX.sdk/usr/lib conftest.c  >&5
configure:4551: $? = 0
configure:4573: result: 
configure:4595: checking whether we are cross compiling
configure:4603: gcc -o conftest -I/opt/homebrew/opt/llvm/include -I/opt/homebrew/opt/openssl@3/include -I/Library/Developer/CommandLineTools/SDKs/MacOSX.sdk/usr/include -I/opt/homebrew/opt/llvm/include -I/opt/homebrew/opt/openssl@3/include -L/Library/Developer/CommandLineTools/SDKs/MacOSX.sdk/usr/lib conftest.c  >&5
configure:4607: $? = 0
configure:4614: ./conftest
configure:4618: $? = 0
configure:4633: result: no
configure:4638: checking for suffix of object files
configure:4660: gcc -c -I/opt/homebrew/opt/llvm/include -I/opt/homebrew/opt/openssl@3/include -I/Library/Developer/CommandLineTools/SDKs/MacOSX.sdk/usr/include -I/opt/homebrew/opt/llvm/include -I/opt/homebrew/opt/openssl@3/include conftest.c >&5
configure:4664: $? = 0
configure:4685: result: o
configure:4689: checking whether we are using the GNU C compiler
configure:4708: gcc -c -I/opt/homebrew/opt/llvm/include -I/opt/homebrew/opt/openssl@3/include -I/Library/Developer/CommandLineTools/SDKs/MacOSX.sdk/usr/include -I/opt/homebrew/opt/llvm/include -I/opt/homebrew/opt/openssl@3/include conftest.c >&5
configure:4708: $? = 0
configure:4717: result: yes
configure:4726: checking whether gcc accepts -g
configure:4746: gcc -c -g -I/opt/homebrew/opt/llvm/include -I/opt/homebrew/opt/openssl@3/include conftest.c >&5
configure:4746: $? = 0
configure:4787: result: yes
configure:4804: checking for gcc option to accept ISO C89
configure:4867: gcc  -c -I/opt/homebrew/opt/llvm/include -I/opt/homebrew/opt/openssl@3/include -I/Library/Developer/CommandLineTools/SDKs/MacOSX.sdk/usr/include -I/opt/homebrew/opt/llvm/include -I/opt/homebrew/opt/openssl@3/include conftest.c >&5
conftest.c:13:14: warning: a function declaration without a prototype is deprecated in all versions of C and is not supported in C2x [-Wdeprecated-non-prototype]
static char *e (p, i)
             ^
1 warning generated.
configure:4867: $? = 0
configure:4880: result: none needed
configure:4905: checking how to run the C preprocessor
configure:4936: gcc -E -I/opt/homebrew/opt/llvm/include -I/opt/homebrew/opt/openssl@3/include conftest.c
configure:4936: $? = 0
configure:4950: gcc -E -I/opt/homebrew/opt/llvm/include -I/opt/homebrew/opt/openssl@3/include conftest.c
conftest.c:7:10: fatal error: 'ac_nonexistent.h' file not found
#include <ac_nonexistent.h>
         ^~~~~~~~~~~~~~~~~~
1 error generated.
configure:4950: $? = 1
configure: failed program was:
| /* confdefs.h */
| #define _NETBSD_SOURCE 1
| #define __BSD_VISIBLE 1
| #define _DARWIN_C_SOURCE 1
| #define _PYTHONFRAMEWORK ""
| /* end confdefs.h.  */
| #include <ac_nonexistent.h>
configure:4975: result: gcc -E
configure:4995: gcc -E -I/opt/homebrew/opt/llvm/include -I/opt/homebrew/opt/openssl@3/include conftest.c
configure:4995: $? = 0
configure:5009: gcc -E -I/opt/homebrew/opt/llvm/include -I/opt/homebrew/opt/openssl@3/include conftest.c
conftest.c:7:10: fatal error: 'ac_nonexistent.h' file not found
#include <ac_nonexistent.h>
         ^~~~~~~~~~~~~~~~~~
1 error generated.
configure:5009: $? = 1
configure: failed program was:
| /* confdefs.h */
| #define _NETBSD_SOURCE 1
| #define __BSD_VISIBLE 1
| #define _DARWIN_C_SOURCE 1
| #define _PYTHONFRAMEWORK ""
| /* end confdefs.h.  */
| #include <ac_nonexistent.h>
configure:5037: checking for grep that handles long lines and -e
configure:5095: result: /usr/bin/grep
configure:5100: checking for a sed that does not truncate output
configure:5164: result: /opt/homebrew/bin/gsed
configure:5169: checking for egrep
configure:5231: result: /usr/bin/grep -E
configure:5237: checking for CC compiler name
configure:5267: result: clang
configure:5275: checking for ANSI C header files
configure:5295: gcc -c -I/opt/homebrew/opt/llvm/include -I/opt/homebrew/opt/openssl@3/include -I/Library/Developer/CommandLineTools/SDKs/MacOSX.sdk/usr/include -I/opt/homebrew/opt/llvm/include -I/opt/homebrew/opt/openssl@3/include conftest.c >&5
configure:5295: $? = 0
configure:5368: gcc -o conftest -I/opt/homebrew/opt/llvm/include -I/opt/homebrew/opt/openssl@3/include -I/Library/Developer/CommandLineTools/SDKs/MacOSX.sdk/usr/include -I/opt/homebrew/opt/llvm/include -I/opt/homebrew/opt/openssl@3/include -L/Library/Developer/CommandLineTools/SDKs/MacOSX.sdk/usr/lib conftest.c  >&5
configure:5368: $? = 0
configure:5368: ./conftest
configure:5368: $? = 0
configure:5379: result: yes
configure:5392: checking for sys/types.h
configure:5392: gcc -c -I/opt/homebrew/opt/llvm/include -I/opt/homebrew/opt/openssl@3/include -I/Library/Developer/CommandLineTools/SDKs/MacOSX.sdk/usr/include -I/opt/homebrew/opt/llvm/include -I/opt/homebrew/opt/openssl@3/include conftest.c >&5
configure:5392: $? = 0
configure:5392: result: yes
configure:5392: checking for sys/stat.h
configure:5392: gcc -c -I/opt/homebrew/opt/llvm/include -I/opt/homebrew/opt/openssl@3/include -I/Library/Developer/CommandLineTools/SDKs/MacOSX.sdk/usr/include -I/opt/homebrew/opt/llvm/include -I/opt/homebrew/opt/openssl@3/include conftest.c >&5
configure:5392: $? = 0
configure:5392: result: yes
configure:5392: checking for stdlib.h
configure:5392: gcc -c -I/opt/homebrew/opt/llvm/include -I/opt/homebrew/opt/openssl@3/include -I/Library/Developer/CommandLineTools/SDKs/MacOSX.sdk/usr/include -I/opt/homebrew/opt/llvm/include -I/opt/homebrew/opt/openssl@3/include conftest.c >&5
configure:5392: $? = 0
configure:5392: result: yes
configure:5392: checking for string.h
configure:5392: gcc -c -I/opt/homebrew/opt/llvm/include -I/opt/homebrew/opt/openssl@3/include -I/Library/Developer/CommandLineTools/SDKs/MacOSX.sdk/usr/include -I/opt/homebrew/opt/llvm/include -I/opt/homebrew/opt/openssl@3/include conftest.c >&5
configure:5392: $? = 0
configure:5392: result: yes
configure:5392: checking for memory.h
configure:5392: gcc -c -I/opt/homebrew/opt/llvm/include -I/opt/homebrew/opt/openssl@3/include -I/Library/Developer/CommandLineTools/SDKs/MacOSX.sdk/usr/include -I/opt/homebrew/opt/llvm/include -I/opt/homebrew/opt/openssl@3/include conftest.c >&5
configure:5392: $? = 0
configure:5392: result: yes
configure:5392: checking for strings.h
configure:5392: gcc -c -I/opt/homebrew/opt/llvm/include -I/opt/homebrew/opt/openssl@3/include -I/Library/Developer/CommandLineTools/SDKs/MacOSX.sdk/usr/include -I/opt/homebrew/opt/llvm/include -I/opt/homebrew/opt/openssl@3/include conftest.c >&5
configure:5392: $? = 0
configure:5392: result: yes
configure:5392: checking for inttypes.h
configure:5392: gcc -c -I/opt/homebrew/opt/llvm/include -I/opt/homebrew/opt/openssl@3/include -I/Library/Developer/CommandLineTools/SDKs/MacOSX.sdk/usr/include -I/opt/homebrew/opt/llvm/include -I/opt/homebrew/opt/openssl@3/include conftest.c >&5
configure:5392: $? = 0
configure:5392: result: yes
configure:5392: checking for stdint.h
configure:5392: gcc -c -I/opt/homebrew/opt/llvm/include -I/opt/homebrew/opt/openssl@3/include -I/Library/Developer/CommandLineTools/SDKs/MacOSX.sdk/usr/include -I/opt/homebrew/opt/llvm/include -I/opt/homebrew/opt/openssl@3/include conftest.c >&5
configure:5392: $? = 0
configure:5392: result: yes
configure:5392: checking for unistd.h
configure:5392: gcc -c -I/opt/homebrew/opt/llvm/include -I/opt/homebrew/opt/openssl@3/include -I/Library/Developer/CommandLineTools/SDKs/MacOSX.sdk/usr/include -I/opt/homebrew/opt/llvm/include -I/opt/homebrew/opt/openssl@3/include conftest.c >&5
configure:5392: $? = 0
configure:5392: result: yes
configure:5405: checking minix/config.h usability
configure:5405: gcc -c -I/opt/homebrew/opt/llvm/include -I/opt/homebrew/opt/openssl@3/include -I/Library/Developer/CommandLineTools/SDKs/MacOSX.sdk/usr/include -I/opt/homebrew/opt/llvm/include -I/opt/homebrew/opt/openssl@3/include conftest.c >&5
conftest.c:50:10: fatal error: 'minix/config.h' file not found
#include <minix/config.h>
         ^~~~~~~~~~~~~~~~
1 error generated.
configure:5405: $? = 1
configure: failed program was:
| /* confdefs.h */
| #define _NETBSD_SOURCE 1
| #define __BSD_VISIBLE 1
| #define _DARWIN_C_SOURCE 1
| #define _PYTHONFRAMEWORK ""
| #define STDC_HEADERS 1
| #define HAVE_SYS_TYPES_H 1
| #define HAVE_SYS_STAT_H 1
| #define HAVE_STDLIB_H 1
| #define HAVE_STRING_H 1
| #define HAVE_MEMORY_H 1
| #define HAVE_STRINGS_H 1
| #define HAVE_INTTYPES_H 1
| #define HAVE_STDINT_H 1
| #define HAVE_UNISTD_H 1
| /* end confdefs.h.  */
| #include <stdio.h>
| #ifdef HAVE_SYS_TYPES_H
| # include <sys/types.h>
| #endif
| #ifdef HAVE_SYS_STAT_H
| # include <sys/stat.h>
| #endif
| #ifdef STDC_HEADERS
| # include <stdlib.h>
| # include <stddef.h>
| #else
| # ifdef HAVE_STDLIB_H
| #  include <stdlib.h>
| # endif
| #endif
| #ifdef HAVE_STRING_H
| # if !defined STDC_HEADERS && defined HAVE_MEMORY_H
| #  include <memory.h>
| # endif
| # include <string.h>
| #endif
| #ifdef HAVE_STRINGS_H
| # include <strings.h>
| #endif
| #ifdef HAVE_INTTYPES_H
| # include <inttypes.h>
| #endif
| #ifdef HAVE_STDINT_H
| # include <stdint.h>
| #endif
| #ifdef HAVE_UNISTD_H
| # include <unistd.h>
| #endif
| #include <minix/config.h>
configure:5405: result: no
configure:5405: checking minix/config.h presence
configure:5405: gcc -E -I/opt/homebrew/opt/llvm/include -I/opt/homebrew/opt/openssl@3/include conftest.c
conftest.c:17:10: fatal error: 'minix/config.h' file not found
#include <minix/config.h>
         ^~~~~~~~~~~~~~~~
1 error generated.
configure:5405: $? = 1
configure: failed program was:
| /* confdefs.h */
| #define _NETBSD_SOURCE 1
| #define __BSD_VISIBLE 1
| #define _DARWIN_C_SOURCE 1
| #define _PYTHONFRAMEWORK ""
| #define STDC_HEADERS 1
| #define HAVE_SYS_TYPES_H 1
| #define HAVE_SYS_STAT_H 1
| #define HAVE_STDLIB_H 1
| #define HAVE_STRING_H 1
| #define HAVE_MEMORY_H 1
| #define HAVE_STRINGS_H 1
| #define HAVE_INTTYPES_H 1
| #define HAVE_STDINT_H 1
| #define HAVE_UNISTD_H 1
| /* end confdefs.h.  */
| #include <minix/config.h>
configure:5405: result: no
configure:5405: checking for minix/config.h
configure:5405: result: no
configure:5426: checking whether it is safe to define __EXTENSIONS__
configure:5444: gcc -c -I/opt/homebrew/opt/llvm/include -I/opt/homebrew/opt/openssl@3/include -I/Library/Developer/CommandLineTools/SDKs/MacOSX.sdk/usr/include -I/opt/homebrew/opt/llvm/include -I/opt/homebrew/opt/openssl@3/include conftest.c >&5
configure:5444: $? = 0
configure:5451: result: yes
configure:5468: checking for --with-cxx-main=<compiler>
configure:5494: result: no
configure:5547: checking for g++
configure:5580: result: no
configure:6012:

  By default, distutils will build C++ extension modules with "g++".
  If this is not intended, then set CXX on the configure command line.
  
configure:6021: checking for the platform triplet based on compiler characteristics
configure:6192: result: darwin
configure:6200: checking for multiarch
configure:6212: result: 
configure:6229: checking for PEP 11 support tier
configure:6276: result: aarch64-apple-darwin22.4.0/clang has tier 2 (supported)
configure:6293: checking for -Wl,--no-as-needed
configure:6312: gcc -o conftest -I/opt/homebrew/opt/llvm/include -I/opt/homebrew/opt/openssl@3/include -I/Library/Developer/CommandLineTools/SDKs/MacOSX.sdk/usr/include -I/opt/homebrew/opt/llvm/include -I/opt/homebrew/opt/openssl@3/include -L/Library/Developer/CommandLineTools/SDKs/MacOSX.sdk/usr/lib-Wl,--no-as-needed conftest.c  >&5
ld: warning: directory not found for option '-L/Library/Developer/CommandLineTools/SDKs/MacOSX.sdk/usr/lib-Wl,--no-as-needed'
configure:6312: $? = 0
configure:6324: result: yes
configure:6328: checking for the Android API level
configure:6362: result: not Android
configure:6378: checking for --with-emscripten-target
configure:6414: result: 
configure:6417: checking for --enable-wasm-dynamic-linking
configure:6438: result: missing
configure:6441: checking for --enable-wasm-pthreads
configure:6462: result: missing
configure:6465: checking for --with-suffix
configure:6497: result: 
configure:6503: checking for case-insensitive build directory
configure:6511: result: yes
configure:6529: checking LIBRARY
configure:6535: result: libpython$(VERSION)$(ABIFLAGS).a
configure:6575: checking LINKCC
configure:6587: result: $(PURIFY) $(MAINCC)
configure:6596: checking EXPORTSYMS
configure:6604: result: 
configure:6613: checking for GNU ld
configure:6625: result: no
configure:6628: checking for --enable-shared
configure:6645: result: no
configure:6650: checking for --with-static-libpython
configure:6666: result: yes
configure:6672: checking for --enable-profiling
configure:6697: result: no
configure:6705: checking LDLIBRARY
configure:6958: checking HOSTRUNNER
configure:6960: result: 
configure:6967: result: libpython$(VERSION)$(ABIFLAGS).a
configure:7051: checking for ar
configure:7067: found /usr/bin/ar
configure:7078: result: ar
configure:7159: checking for readelf
configure:7189: result: no
configure:7242: checking for a BSD-compatible install
configure:7310: result: /opt/homebrew/bin/ginstall -c
configure:7321: checking for a thread-safe mkdir -p
configure:7360: result: /opt/homebrew/bin/gmkdir -p
configure:7378: checking for --with-pydebug
configure:7397: result: no
configure:7404: checking for --with-trace-refs
configure:7414: result: no
configure:7426: checking for --enable-pystats
configure:7436: result: no
configure:7450: checking for --with-assertions
configure:7470: result: no
configure:7478: checking for --enable-optimizations
configure:7494: result: no
configure:7560: checking PROFILE_TASK
configure:7566: result: -m test --pgo --timeout=$(TESTTIMEOUT)
configure:7590: checking for --with-lto
configure:7627: result: no
configure:7907: checking for llvm-profdata
configure:7925: found /opt/homebrew/opt/llvm/bin/llvm-profdata
configure:7937: result: /opt/homebrew/opt/llvm/bin/llvm-profdata
configure:8057: checking if gcc supports -Og optimization level
configure:8075: gcc -c -Og -I/opt/homebrew/opt/llvm/include -I/opt/homebrew/opt/openssl@3/include conftest.c >&5

## ---------------- ##
## Cache variables. ##
## ---------------- ##

ac_cv_build=aarch64-apple-darwin22.4.0
ac_cv_c_compiler_gnu=yes
ac_cv_cc_name=clang
ac_cv_env_BZIP2_CFLAGS_set=
ac_cv_env_BZIP2_CFLAGS_value=
ac_cv_env_BZIP2_LIBS_set=
ac_cv_env_BZIP2_LIBS_value=
ac_cv_env_CC_set=
ac_cv_env_CC_value=
ac_cv_env_CFLAGS_set=set
ac_cv_env_CFLAGS_value='-I/opt/homebrew/opt/llvm/include -I/opt/homebrew/opt/openssl@3/include -I/Library/Developer/CommandLineTools/SDKs/MacOSX.sdk/usr/include'
ac_cv_env_CPPFLAGS_set=set
ac_cv_env_CPPFLAGS_value='-I/opt/homebrew/opt/llvm/include -I/opt/homebrew/opt/openssl@3/include'
ac_cv_env_CPP_set=
ac_cv_env_CPP_value=
ac_cv_env_GDBM_CFLAGS_set=
ac_cv_env_GDBM_CFLAGS_value=
ac_cv_env_GDBM_LIBS_set=
ac_cv_env_GDBM_LIBS_value=
ac_cv_env_HOSTRUNNER_set=
ac_cv_env_HOSTRUNNER_value=
ac_cv_env_LDFLAGS_set=set
ac_cv_env_LDFLAGS_value=-L/Library/Developer/CommandLineTools/SDKs/MacOSX.sdk/usr/lib
ac_cv_env_LIBB2_CFLAGS_set=
ac_cv_env_LIBB2_CFLAGS_value=
ac_cv_env_LIBB2_LIBS_set=
ac_cv_env_LIBB2_LIBS_value=
ac_cv_env_LIBCRYPT_CFLAGS_set=
ac_cv_env_LIBCRYPT_CFLAGS_value=
ac_cv_env_LIBCRYPT_LIBS_set=
ac_cv_env_LIBCRYPT_LIBS_value=
ac_cv_env_LIBLZMA_CFLAGS_set=
ac_cv_env_LIBLZMA_CFLAGS_value=
ac_cv_env_LIBLZMA_LIBS_set=
ac_cv_env_LIBLZMA_LIBS_value=
ac_cv_env_LIBNSL_CFLAGS_set=
ac_cv_env_LIBNSL_CFLAGS_value=
ac_cv_env_LIBNSL_LIBS_set=
ac_cv_env_LIBNSL_LIBS_value=
ac_cv_env_LIBSQLITE3_CFLAGS_set=
ac_cv_env_LIBSQLITE3_CFLAGS_value=
ac_cv_env_LIBSQLITE3_LIBS_set=
ac_cv_env_LIBSQLITE3_LIBS_value=
ac_cv_env_LIBS_set=
ac_cv_env_LIBS_value=
ac_cv_env_LIBUUID_CFLAGS_set=
ac_cv_env_LIBUUID_CFLAGS_value=
ac_cv_env_LIBUUID_LIBS_set=
ac_cv_env_LIBUUID_LIBS_value=
ac_cv_env_MACHDEP_set=
ac_cv_env_MACHDEP_value=
ac_cv_env_PKG_CONFIG_LIBDIR_set=
ac_cv_env_PKG_CONFIG_LIBDIR_value=
ac_cv_env_PKG_CONFIG_PATH_set=set
ac_cv_env_PKG_CONFIG_PATH_value=/opt/homebrew/opt/openssl@3/lib/pkgconfig
ac_cv_env_PKG_CONFIG_set=
ac_cv_env_PKG_CONFIG_value=
ac_cv_env_PROFILE_TASK_set=
ac_cv_env_PROFILE_TASK_value=
ac_cv_env_TCLTK_CFLAGS_set=
ac_cv_env_TCLTK_CFLAGS_value=
ac_cv_env_TCLTK_LIBS_set=
ac_cv_env_TCLTK_LIBS_value=
ac_cv_env_X11_CFLAGS_set=
ac_cv_env_X11_CFLAGS_value=
ac_cv_env_X11_LIBS_set=
ac_cv_env_X11_LIBS_value=
ac_cv_env_ZLIB_CFLAGS_set=
ac_cv_env_ZLIB_CFLAGS_value=
ac_cv_env_ZLIB_LIBS_set=
ac_cv_env_ZLIB_LIBS_value=
ac_cv_env_build_alias_set=
ac_cv_env_build_alias_value=
ac_cv_env_host_alias_set=
ac_cv_env_host_alias_value=
ac_cv_env_target_alias_set=
ac_cv_env_target_alias_value=
ac_cv_header_inttypes_h=yes
ac_cv_header_memory_h=yes
ac_cv_header_minix_config_h=no
ac_cv_header_stdc=yes
ac_cv_header_stdint_h=yes
ac_cv_header_stdlib_h=yes
ac_cv_header_string_h=yes
ac_cv_header_strings_h=yes
ac_cv_header_sys_stat_h=yes
ac_cv_header_sys_types_h=yes
ac_cv_header_unistd_h=yes
ac_cv_host=aarch64-apple-darwin22.4.0
ac_cv_objext=o
ac_cv_path_EGREP='/usr/bin/grep -E'
ac_cv_path_GREP=/usr/bin/grep
ac_cv_path_SED=/opt/homebrew/bin/gsed
ac_cv_path_ac_pt_LLVM_PROFDATA=/opt/homebrew/opt/llvm/bin/llvm-profdata
ac_cv_path_install='/opt/homebrew/bin/ginstall -c'
ac_cv_path_mkdir=/opt/homebrew/bin/gmkdir
ac_cv_prog_CPP='gcc -E'
ac_cv_prog_PYTHON_FOR_REGEN=python3.11
ac_cv_prog_ac_ct_AR=ar
ac_cv_prog_ac_ct_CC=gcc
ac_cv_prog_cc_c89=
ac_cv_prog_cc_g=yes
ac_cv_safe_to_define___extensions__=yes
ac_cv_wl_no_as_needed=yes

## ----------------- ##
## Output variables. ##
## ----------------- ##

ABIFLAGS=''
ALT_SOABI=''
AR='ar'
ARCH_RUN_32BIT=''
ARFLAGS='rcs'
BASECFLAGS=''
BASECPPFLAGS='-IObjects -IInclude -IPython'
BINLIBDEST=''
BLDLIBRARY='$(LDLIBRARY)'
BLDSHARED=''
BUILDEXEEXT='.exe'
BZIP2_CFLAGS=''
BZIP2_LIBS=''
CC='gcc'
CCSHARED=''
CFLAGS='-Og'
CFLAGSFORSHARED=''
CFLAGS_ALIASING=''
CFLAGS_NODIST=''
CONFIGURE_MACOSX_DEPLOYMENT_TARGET=''
CONFIG_ARGS=' '\''PKG_CONFIG_PATH=/opt/homebrew/opt/openssl@3/lib/pkgconfig'\'' '\''CFLAGS=-I/opt/homebrew/opt/llvm/include -I/opt/homebrew/opt/openssl@3/include -I/Library/Developer/CommandLineTools/SDKs/MacOSX.sdk/usr/include'\'' '\''LDFLAGS=-L/Library/Developer/CommandLineTools/SDKs/MacOSX.sdk/usr/lib'\'' '\''CPPFLAGS=-I/opt/homebrew/opt/llvm/include -I/opt/homebrew/opt/openssl@3/include'\'''
CPP='gcc -E'
CPPFLAGS='-I/opt/homebrew/opt/llvm/include -I/opt/homebrew/opt/openssl@3/include'
CXX='g++'
DEFS=''
DEF_MAKE_ALL_RULE='build_all'
DEF_MAKE_RULE='all'
DFLAGS=''
DLINCLDIR=''
DLLLIBRARY=''
DTRACE=''
DTRACE_HEADERS=''
DTRACE_OBJS=''
DYNLOADFILE=''
ECHO_C='\c'
ECHO_N=''
ECHO_T=''
EGREP='/usr/bin/grep -E'
ENSUREPIP=''
EXEEXT=''
EXPORTSFROM=''
EXPORTSYMS=''
EXPORT_MACOSX_DEPLOYMENT_TARGET='#'
EXT_SUFFIX=''
FRAMEWORKALTINSTALLFIRST=''
FRAMEWORKALTINSTALLLAST=''
FRAMEWORKINSTALLAPPSPREFIX=''
FRAMEWORKINSTALLFIRST=''
FRAMEWORKINSTALLLAST=''
FRAMEWORKPYTHONW=''
FRAMEWORKUNIXTOOLSPREFIX='/usr/local'
FREEZE_MODULE='$(PYTHON_FOR_FREEZE) $(srcdir)/Programs/_freeze_module.py'
FREEZE_MODULE_BOOTSTRAP='./Programs/_freeze_module'
FREEZE_MODULE_BOOTSTRAP_DEPS='Programs/_freeze_module'
FREEZE_MODULE_DEPS='_bootstrap_python $(srcdir)/Programs/_freeze_module.py'
GDBM_CFLAGS=''
GDBM_LIBS=''
GITBRANCH=''
GITTAG=''
GITVERSION=''
GNULD='no'
GREP='/usr/bin/grep'
HAS_GIT='no-repository'
HAVE_GETHOSTBYNAME=''
HAVE_GETHOSTBYNAME_R=''
HAVE_GETHOSTBYNAME_R_3_ARG=''
HAVE_GETHOSTBYNAME_R_5_ARG=''
HAVE_GETHOSTBYNAME_R_6_ARG=''
HOSTRUNNER=''
INSTALL_DATA='${INSTALL} -m 644'
INSTALL_PROGRAM='${INSTALL}'
INSTALL_SCRIPT='${INSTALL}'
INSTSONAME='$(LDLIBRARY)'
LDCXXSHARED=''
LDFLAGS='-L/Library/Developer/CommandLineTools/SDKs/MacOSX.sdk/usr/lib'
LDFLAGS_NODIST=''
LDFLAGS_NOLTO=''
LDLIBRARY='libpython$(VERSION)$(ABIFLAGS).a'
LDLIBRARYDIR=''
LDSHARED=''
LDVERSION='3.11'
LIBB2_CFLAGS=''
LIBB2_LIBS=''
LIBC=''
LIBCRYPT_CFLAGS=''
LIBCRYPT_LIBS=''
LIBEXPAT_CFLAGS=''
LIBEXPAT_INTERNAL=''
LIBEXPAT_LDFLAGS=''
LIBFFI_INCLUDEDIR=''
LIBLZMA_CFLAGS=''
LIBLZMA_LIBS=''
LIBM=''
LIBMPDEC_CFLAGS=''
LIBMPDEC_INTERNAL=''
LIBMPDEC_LDFLAGS=''
LIBNSL_CFLAGS=''
LIBNSL_LIBS=''
LIBOBJS=''
LIBPL=''
LIBPYTHON=''
LIBRARY='libpython$(VERSION)$(ABIFLAGS).a'
LIBRARY_DEPS='$(LIBRARY) $(PY3LIBRARY) $(EXPORTSYMS)'
LIBS=''
LIBSQLITE3_CFLAGS=''
LIBSQLITE3_LIBS=''
LIBTOOL_CRUFT=''
LIBUUID_CFLAGS=''
LIBUUID_LIBS=''
LINKCC='$(PURIFY) $(MAINCC)'
LINKFORSHARED=''
LINK_PYTHON_DEPS='$(LIBRARY_DEPS)'
LINK_PYTHON_OBJS='$(LIBRARY_OBJS)'
LIPO_32BIT_FLAGS=''
LIPO_INTEL64_FLAGS=''
LLVM_AR=''
LLVM_AR_FOUND=''
LLVM_PROFDATA='/opt/homebrew/opt/llvm/bin/llvm-profdata'
LLVM_PROF_ERR='no'
LLVM_PROF_FILE='LLVM_PROFILE_FILE="code-%p.profclangr"'
LLVM_PROF_FOUND='found'
LLVM_PROF_MERGER='/opt/homebrew/opt/llvm/bin/llvm-profdata merge -output=code.profclangd *.profclangr'
LN='ln'
LTLIBOBJS=''
MACHDEP='darwin'
MACHDEP_OBJS=''
MAINCC='$(CC)'
MKDIR_P='/opt/homebrew/bin/gmkdir -p'
MODULES_SETUP_STDLIB=''
MODULE_ARRAY_FALSE=''
MODULE_ARRAY_TRUE=''
MODULE_AUDIOOP_FALSE=''
MODULE_AUDIOOP_TRUE=''
MODULE_BINASCII_FALSE=''
MODULE_BINASCII_TRUE=''
MODULE_BLOCK=''
MODULE_BUILDTYPE=''
MODULE_CMATH_FALSE=''
MODULE_CMATH_TRUE=''
MODULE_FCNTL_FALSE=''
MODULE_FCNTL_TRUE=''
MODULE_GRP_FALSE=''
MODULE_GRP_TRUE=''
MODULE_MATH_FALSE=''
MODULE_MATH_TRUE=''
MODULE_MMAP_FALSE=''
MODULE_MMAP_TRUE=''
MODULE_NIS_FALSE=''
MODULE_NIS_TRUE=''
MODULE_OSSAUDIODEV_FALSE=''
MODULE_OSSAUDIODEV_TRUE=''
MODULE_PWD_FALSE=''
MODULE_PWD_TRUE=''
MODULE_PYEXPAT_FALSE=''
MODULE_PYEXPAT_TRUE=''
MODULE_RESOURCE_FALSE=''
MODULE_RESOURCE_TRUE=''
MODULE_SELECT_FALSE=''
MODULE_SELECT_TRUE=''
MODULE_SPWD_FALSE=''
MODULE_SPWD_TRUE=''
MODULE_SYSLOG_FALSE=''
MODULE_SYSLOG_TRUE=''
MODULE_TERMIOS_FALSE=''
MODULE_TERMIOS_TRUE=''
MODULE_TIME_FALSE=''
MODULE_TIME_TRUE=''
MODULE_UNICODEDATA_FALSE=''
MODULE_UNICODEDATA_TRUE=''
MODULE_XXLIMITED_35_FALSE=''
MODULE_XXLIMITED_35_TRUE=''
MODULE_XXLIMITED_FALSE=''
MODULE_XXLIMITED_TRUE=''
MODULE_ZLIB_FALSE=''
MODULE_ZLIB_TRUE=''
MODULE__ASYNCIO_FALSE=''
MODULE__ASYNCIO_TRUE=''
MODULE__BISECT_FALSE=''
MODULE__BISECT_TRUE=''
MODULE__BLAKE2_FALSE=''
MODULE__BLAKE2_TRUE=''
MODULE__BZ2_FALSE=''
MODULE__BZ2_TRUE=''
MODULE__CODECS_CN_FALSE=''
MODULE__CODECS_CN_TRUE=''
MODULE__CODECS_HK_FALSE=''
MODULE__CODECS_HK_TRUE=''
MODULE__CODECS_ISO2022_FALSE=''
MODULE__CODECS_ISO2022_TRUE=''
MODULE__CODECS_JP_FALSE=''
MODULE__CODECS_JP_TRUE=''
MODULE__CODECS_KR_FALSE=''
MODULE__CODECS_KR_TRUE=''
MODULE__CODECS_TW_FALSE=''
MODULE__CODECS_TW_TRUE=''
MODULE__CONTEXTVARS_FALSE=''
MODULE__CONTEXTVARS_TRUE=''
MODULE__CRYPT_FALSE=''
MODULE__CRYPT_TRUE=''
MODULE__CSV_FALSE=''
MODULE__CSV_TRUE=''
MODULE__CTYPES_TEST_FALSE=''
MODULE__CTYPES_TEST_TRUE=''
MODULE__DATETIME_FALSE=''
MODULE__DATETIME_TRUE=''
MODULE__DECIMAL_FALSE=''
MODULE__DECIMAL_TRUE=''
MODULE__ELEMENTTREE_FALSE=''
MODULE__ELEMENTTREE_TRUE=''
MODULE__GDBM_FALSE=''
MODULE__GDBM_TRUE=''
MODULE__HASHLIB_FALSE=''
MODULE__HASHLIB_TRUE=''
MODULE__HEAPQ_FALSE=''
MODULE__HEAPQ_TRUE=''
MODULE__IO_FALSE=''
MODULE__IO_TRUE=''
MODULE__JSON_FALSE=''
MODULE__JSON_TRUE=''
MODULE__LSPROF_FALSE=''
MODULE__LSPROF_TRUE=''
MODULE__LZMA_FALSE=''
MODULE__LZMA_TRUE=''
MODULE__MD5_FALSE=''
MODULE__MD5_TRUE=''
MODULE__MULTIBYTECODEC_FALSE=''
MODULE__MULTIBYTECODEC_TRUE=''
MODULE__MULTIPROCESSING_FALSE=''
MODULE__MULTIPROCESSING_TRUE=''
MODULE__OPCODE_FALSE=''
MODULE__OPCODE_TRUE=''
MODULE__PICKLE_FALSE=''
MODULE__PICKLE_TRUE=''
MODULE__POSIXSHMEM_FALSE=''
MODULE__POSIXSHMEM_TRUE=''
MODULE__POSIXSUBPROCESS_FALSE=''
MODULE__POSIXSUBPROCESS_TRUE=''
MODULE__QUEUE_FALSE=''
MODULE__QUEUE_TRUE=''
MODULE__RANDOM_FALSE=''
MODULE__RANDOM_TRUE=''
MODULE__SCPROXY_FALSE=''
MODULE__SCPROXY_TRUE=''
MODULE__SHA1_FALSE=''
MODULE__SHA1_TRUE=''
MODULE__SHA256_FALSE=''
MODULE__SHA256_TRUE=''
MODULE__SHA3_FALSE=''
MODULE__SHA3_TRUE=''
MODULE__SHA512_FALSE=''
MODULE__SHA512_TRUE=''
MODULE__SOCKET_FALSE=''
MODULE__SOCKET_TRUE=''
MODULE__SQLITE3_FALSE=''
MODULE__SQLITE3_TRUE=''
MODULE__SSL_FALSE=''
MODULE__SSL_TRUE=''
MODULE__STATISTICS_FALSE=''
MODULE__STATISTICS_TRUE=''
MODULE__STRUCT_FALSE=''
MODULE__STRUCT_TRUE=''
MODULE__TESTBUFFER_FALSE=''
MODULE__TESTBUFFER_TRUE=''
MODULE__TESTCAPI_FALSE=''
MODULE__TESTCAPI_TRUE=''
MODULE__TESTIMPORTMULTIPLE_FALSE=''
MODULE__TESTIMPORTMULTIPLE_TRUE=''
MODULE__TESTINTERNALCAPI_FALSE=''
MODULE__TESTINTERNALCAPI_TRUE=''
MODULE__TESTMULTIPHASE_FALSE=''
MODULE__TESTMULTIPHASE_TRUE=''
MODULE__TKINTER_FALSE=''
MODULE__TKINTER_TRUE=''
MODULE__TYPING_FALSE=''
MODULE__TYPING_TRUE=''
MODULE__UUID_FALSE=''
MODULE__UUID_TRUE=''
MODULE__XXSUBINTERPRETERS_FALSE=''
MODULE__XXSUBINTERPRETERS_TRUE=''
MODULE__XXTESTFUZZ_FALSE=''
MODULE__XXTESTFUZZ_TRUE=''
MODULE__ZONEINFO_FALSE=''
MODULE__ZONEINFO_TRUE=''
MULTIARCH='darwin'
MULTIARCH_CPPFLAGS='-DMULTIARCH=\"darwin\"'
NODE=''
NO_AS_NEEDED='-Wl,--no-as-needed'
OBJEXT='o'
OPENSSL_INCLUDES=''
OPENSSL_LDFLAGS=''
OPENSSL_LIBS=''
OPENSSL_RPATH=''
OPT=''
OTHER_LIBTOOL_OPT=''
PACKAGE_BUGREPORT='https://github.com/python/cpython/issues/'
PACKAGE_NAME='python'
PACKAGE_STRING='python 3.11'
PACKAGE_TARNAME='python'
PACKAGE_URL=''
PACKAGE_VERSION='3.11'
PATH_SEPARATOR=':'
PGO_PROF_GEN_FLAG='-fprofile-instr-generate'
PGO_PROF_USE_FLAG='-fprofile-instr-use=code.profclangd'
PKG_CONFIG=''
PKG_CONFIG_LIBDIR=''
PKG_CONFIG_PATH='/opt/homebrew/opt/openssl@3/lib/pkgconfig'
PLATFORM_HEADERS=''
PLATFORM_OBJS=''
PLATFORM_TRIPLET='darwin'
PLATLIBDIR=''
PROFILE_TASK='-m test --pgo --timeout=$(TESTTIMEOUT)'
PY3LIBRARY=''
PYTHONFRAMEWORK=''
PYTHONFRAMEWORKDIR='no-framework'
PYTHONFRAMEWORKIDENTIFIER='org.python.python'
PYTHONFRAMEWORKINSTALLDIR=''
PYTHONFRAMEWORKPREFIX=''
PYTHON_FOR_BUILD='./$(BUILDPYTHON) -E'
PYTHON_FOR_BUILD_DEPS='$(BUILDPYTHON)'
PYTHON_FOR_FREEZE='./_bootstrap_python'
PYTHON_FOR_REGEN='python3.11'
PY_ENABLE_SHARED='0'
READELF=':'
RUNSHARED=''
SED='/opt/homebrew/bin/gsed'
SHELL='/bin/sh'
SHLIBS=''
SHLIB_SUFFIX=''
SOABI=''
SOVERSION='1.0'
SRCDIRS=''
STATIC_LIBPYTHON='1'
TCLTK_CFLAGS=''
TCLTK_LIBS=''
TEST_MODULES=''
THREADHEADERS=''
TRUE=''
TZPATH=''
UNIVERSALSDK=''
UNIVERSAL_ARCH_FLAGS=''
VERSION='3.11'
WASM_ASSETS_DIR=''
WASM_STDLIB=''
WHEEL_PKG_DIR=''
X11_CFLAGS=''
X11_LIBS=''
ZLIB_CFLAGS=''
ZLIB_LIBS=''
_PYTHON_HOST_PLATFORM=''
ac_ct_AR='ar'
ac_ct_CC='gcc'
ac_ct_CXX=''
ac_ct_READELF=''
bindir='${exec_prefix}/bin'
build='aarch64-apple-darwin22.4.0'
build_alias=''
build_cpu='aarch64'
build_os='darwin22.4.0'
build_vendor='apple'
datadir='${datarootdir}'
datarootdir='${prefix}/share'
docdir='${datarootdir}/doc/${PACKAGE_TARNAME}'
dvidir='${docdir}'
exec_prefix='NONE'
host='aarch64-apple-darwin22.4.0'
host_alias=''
host_cpu='aarch64'
host_os='darwin22.4.0'
host_vendor='apple'
htmldir='${docdir}'
includedir='${prefix}/include'
infodir='${datarootdir}/info'
libdir='${exec_prefix}/lib'
libexecdir='${exec_prefix}/libexec'
localedir='${datarootdir}/locale'
localstatedir='${prefix}/var'
mandir='${datarootdir}/man'
oldincludedir='/usr/include'
pdfdir='${docdir}'
prefix='NONE'
program_transform_name='s,x,x,'
psdir='${docdir}'
runstatedir='${localstatedir}/run'
sbindir='${exec_prefix}/sbin'
sharedstatedir='${prefix}/com'
sysconfdir='${prefix}/etc'
target_alias=''

## ----------- ##
## confdefs.h. ##
## ----------- ##

/* confdefs.h */
#define _NETBSD_SOURCE 1
#define __BSD_VISIBLE 1
#define _DARWIN_C_SOURCE 1
#define _PYTHONFRAMEWORK ""
#define STDC_HEADERS 1
#define HAVE_SYS_TYPES_H 1
#define HAVE_SYS_STAT_H 1
#define HAVE_STDLIB_H 1
#define HAVE_STRING_H 1
#define HAVE_MEMORY_H 1
#define HAVE_STRINGS_H 1
#define HAVE_INTTYPES_H 1
#define HAVE_STDINT_H 1
#define HAVE_UNISTD_H 1
#define __EXTENSIONS__ 1
#define _ALL_SOURCE 1
#define _GNU_SOURCE 1
#define _POSIX_PTHREAD_SEMANTICS 1
#define _TANDEM_SOURCE 1
#define PY_SUPPORT_TIER 2

configure: caught signal 2
configure: exit 1
